<?xml version="1.0" encoding="UTF-8"?>
<!-- Generated by org.testng.reporters.JUnitReportReporter -->
<testsuite hostname="DESKTOP-VLD4TNC" failures="0" tests="1" name="com.testcases.TC_Logintest_001" time="3.966" errors="0" timestamp="2020-03-24T22:50:14 EDT" skipped="0">
  <testcase classname="com.testcases.TC_Logintest_001" name="logintest" time="3.966"/>
  <system-out/>
</testsuite> <!-- com.testcases.TC_Logintest_001 -->
